Determining if the pthread_create exist failed with the following output:
Change Dir: /home/x/Research/scan_volume/build/CMakeFiles/CMakeTmp

Run Build Command:/usr/bin/make "cmTryCompileExec900525193/fast"
/usr/bin/make -f CMakeFiles/cmTryCompileExec900525193.dir/build.make CMakeFiles/cmTryCompileExec900525193.dir/build
make[1]: Entering directory `/home/x/Research/scan_volume/build/CMakeFiles/CMakeTmp'
/usr/bin/cmake -E cmake_progress_report /home/x/Research/scan_volume/build/CMakeFiles/CMakeTmp/CMakeFiles 1
Building C object CMakeFiles/cmTryCompileExec900525193.dir/CheckSymbolExists.c.o
/usr/bin/cc    -o CMakeFiles/cmTryCompileExec900525193.dir/CheckSymbolExists.c.o   -c /home/x/Research/scan_volume/build/CMakeFiles/CMakeTmp/CheckSymbolExists.c
Linking C executable cmTryCompileExec900525193
/usr/bin/cmake -E cmake_link_script CMakeFiles/cmTryCompileExec900525193.dir/link.txt --verbose=1
/usr/bin/cc       CMakeFiles/cmTryCompileExec900525193.dir/CheckSymbolExists.c.o  -o cmTryCompileExec900525193 -rdynamic 
CMakeFiles/cmTryCompileExec900525193.dir/CheckSymbolExists.c.o: In function `main':
CheckSymbolExists.c:(.text+0x16): undefined reference to `pthread_create'
collect2: error: ld returned 1 exit status
make[1]: *** [cmTryCompileExec900525193] Error 1
make[1]: Leaving directory `/home/x/Research/scan_volume/build/CMakeFiles/CMakeTmp'
make: *** [cmTryCompileExec900525193/fast] Error 2

File /home/x/Research/scan_volume/build/CMakeFiles/CMakeTmp/CheckSymbolExists.c:
/* */
#include <pthread.h>

int main(int argc, char** argv)
{
  (void)argv;
#ifndef pthread_create
  return ((int*)(&pthread_create))[argc];
#else
  (void)argc;
  return 0;
#endif
}

Determining if the function pthread_create exists in the pthreads failed with the following output:
Change Dir: /home/x/Research/scan_volume/build/CMakeFiles/CMakeTmp

Run Build Command:/usr/bin/make "cmTryCompileExec3458549625/fast"
/usr/bin/make -f CMakeFiles/cmTryCompileExec3458549625.dir/build.make CMakeFiles/cmTryCompileExec3458549625.dir/build
make[1]: Entering directory `/home/x/Research/scan_volume/build/CMakeFiles/CMakeTmp'
/usr/bin/cmake -E cmake_progress_report /home/x/Research/scan_volume/build/CMakeFiles/CMakeTmp/CMakeFiles 1
Building C object CMakeFiles/cmTryCompileExec3458549625.dir/CheckFunctionExists.c.o
/usr/bin/cc   -DCHECK_FUNCTION_EXISTS=pthread_create   -o CMakeFiles/cmTryCompileExec3458549625.dir/CheckFunctionExists.c.o   -c /usr/share/cmake-2.8/Modules/CheckFunctionExists.c
Linking C executable cmTryCompileExec3458549625
/usr/bin/cmake -E cmake_link_script CMakeFiles/cmTryCompileExec3458549625.dir/link.txt --verbose=1
/usr/bin/cc   -DCHECK_FUNCTION_EXISTS=pthread_create    CMakeFiles/cmTryCompileExec3458549625.dir/CheckFunctionExists.c.o  -o cmTryCompileExec3458549625 -rdynamic -lpthreads 
/usr/bin/ld: cannot find -lpthreads
collect2: error: ld returned 1 exit status
make[1]: *** [cmTryCompileExec3458549625] Error 1
make[1]: Leaving directory `/home/x/Research/scan_volume/build/CMakeFiles/CMakeTmp'
make: *** [cmTryCompileExec3458549625/fast] Error 2


